<?xml version="1.0" encoding="UTF-8"?>
<coverage generated="1772430045676" clover="3.2.0">
  <project timestamp="1772430045676" name="All files">
    <metrics statements="193" coveredstatements="193" conditionals="113" coveredconditionals="108" methods="35" coveredmethods="35" elements="341" coveredelements="336" complexity="0" loc="193" ncloc="193" packages="2" files="7" classes="7"/>
    <package name="lib">
      <metrics statements="60" coveredstatements="60" conditionals="20" coveredconditionals="18" methods="19" coveredmethods="19"/>
      <file name="elfa.ts" path="/home/oscar/Projects/websites/sf-fcc-vacancy-registry/src/lib/elfa.ts">
        <metrics statements="6" coveredstatements="6" conditionals="0" coveredconditionals="0" methods="2" coveredmethods="2"/>
        <line num="7" count="1" type="stmt"/>
        <line num="76" count="5" type="stmt"/>
        <line num="77" count="5" type="stmt"/>
        <line num="78" count="5" type="stmt"/>
        <line num="79" count="5" type="stmt"/>
        <line num="86" count="2" type="stmt"/>
      </file>
      <file name="eligibility.ts" path="/home/oscar/Projects/websites/sf-fcc-vacancy-registry/src/lib/eligibility.ts">
        <metrics statements="21" coveredstatements="21" conditionals="14" coveredconditionals="12" methods="8" coveredmethods="8"/>
        <line num="5" count="1" type="stmt"/>
        <line num="12" count="1" type="stmt"/>
        <line num="29" count="1" type="stmt"/>
        <line num="65" count="33" type="stmt"/>
        <line num="66" count="33" type="stmt"/>
        <line num="68" count="33" type="stmt"/>
        <line num="69" count="33" type="cond" truecount="1" falsecount="1"/>
        <line num="70" count="33" type="cond" truecount="1" falsecount="1"/>
        <line num="72" count="33" type="stmt"/>
        <line num="91" count="17" type="stmt"/>
        <line num="93" count="17" type="stmt"/>
        <line num="119" count="1" type="stmt"/>
        <line num="165" count="4" type="stmt"/>
        <line num="167" count="4" type="cond" truecount="2" falsecount="0"/>
        <line num="169" count="1" type="stmt"/>
        <line num="170" count="2" type="stmt"/>
        <line num="171" count="3" type="cond" truecount="4" falsecount="0"/>
        <line num="173" count="4" type="stmt"/>
        <line num="177" count="12" type="stmt"/>
        <line num="179" count="4" type="stmt"/>
        <line num="186" count="4" type="stmt"/>
      </file>
      <file name="randomOrder.ts" path="/home/oscar/Projects/websites/sf-fcc-vacancy-registry/src/lib/randomOrder.ts">
        <metrics statements="28" coveredstatements="28" conditionals="2" coveredconditionals="2" methods="7" coveredmethods="7"/>
        <line num="10" count="13" type="stmt"/>
        <line num="11" count="13" type="stmt"/>
        <line num="12" count="13" type="cond" truecount="2" falsecount="0"/>
        <line num="13" count="9" type="stmt"/>
        <line num="14" count="9" type="stmt"/>
        <line num="16" count="13" type="stmt"/>
        <line num="21" count="13" type="stmt"/>
        <line num="26" count="13" type="stmt"/>
        <line num="27" count="13" type="stmt"/>
        <line num="28" count="369" type="stmt"/>
        <line num="29" count="369" type="stmt"/>
        <line num="30" count="369" type="stmt"/>
        <line num="32" count="13" type="stmt"/>
        <line num="37" count="13" type="stmt"/>
        <line num="38" count="99" type="stmt"/>
        <line num="39" count="99" type="stmt"/>
        <line num="40" count="99" type="stmt"/>
        <line num="41" count="99" type="stmt"/>
        <line num="47" count="13" type="stmt"/>
        <line num="48" count="13" type="stmt"/>
        <line num="50" count="13" type="stmt"/>
        <line num="51" count="99" type="stmt"/>
        <line num="52" count="99" type="stmt"/>
        <line num="55" count="13" type="stmt"/>
        <line num="60" count="13" type="stmt"/>
        <line num="61" count="13" type="stmt"/>
        <line num="62" count="13" type="stmt"/>
        <line num="63" count="13" type="stmt"/>
      </file>
      <file name="vacancyTtl.ts" path="/home/oscar/Projects/websites/sf-fcc-vacancy-registry/src/lib/vacancyTtl.ts">
        <metrics statements="5" coveredstatements="5" conditionals="4" coveredconditionals="4" methods="2" coveredmethods="2"/>
        <line num="12" count="11" type="stmt"/>
        <line num="13" count="11" type="cond" truecount="4" falsecount="0"/>
        <line num="17" count="3" type="stmt"/>
        <line num="18" count="3" type="stmt"/>
        <line num="19" count="3" type="stmt"/>
      </file>
    </package>
    <package name="utils">
      <metrics statements="133" coveredstatements="133" conditionals="93" coveredconditionals="90" methods="16" coveredmethods="16"/>
      <file name="ageGroups.ts" path="/home/oscar/Projects/websites/sf-fcc-vacancy-registry/src/utils/ageGroups.ts">
        <metrics statements="23" coveredstatements="23" conditionals="13" coveredconditionals="13" methods="5" coveredmethods="5"/>
        <line num="5" count="3" type="stmt"/>
        <line num="23" count="101" type="stmt"/>
        <line num="24" count="101" type="stmt"/>
        <line num="25" count="101" type="stmt"/>
        <line num="26" count="101" type="stmt"/>
        <line num="28" count="101" type="stmt"/>
        <line num="29" count="101" type="cond" truecount="2" falsecount="0"/>
        <line num="30" count="4" type="stmt"/>
        <line num="32" count="101" type="stmt"/>
        <line num="36" count="88" type="stmt"/>
        <line num="38" count="88" type="stmt"/>
        <line num="39" count="155" type="cond" truecount="4" falsecount="0"/>
        <line num="40" count="85" type="stmt"/>
        <line num="44" count="3" type="stmt"/>
        <line num="48" count="3" type="stmt"/>
        <line num="52" count="5" type="stmt"/>
        <line num="53" count="5" type="stmt"/>
        <line num="54" count="5" type="stmt"/>
        <line num="56" count="5" type="cond" truecount="2" falsecount="0"/>
        <line num="57" count="2" type="stmt"/>
        <line num="58" count="3" type="cond" truecount="2" falsecount="0"/>
        <line num="59" count="2" type="stmt"/>
        <line num="61" count="1" type="stmt"/>
      </file>
      <file name="compliance.ts" path="/home/oscar/Projects/websites/sf-fcc-vacancy-registry/src/utils/compliance.ts">
        <metrics statements="61" coveredstatements="61" conditionals="44" coveredconditionals="44" methods="4" coveredmethods="4"/>
        <line num="37" count="63" type="cond" truecount="2" falsecount="0"/>
        <line num="39" count="49" type="cond" truecount="2" falsecount="0"/>
        <line num="40" count="24" type="stmt"/>
        <line num="41" count="25" type="cond" truecount="2" falsecount="0"/>
        <line num="42" count="12" type="stmt"/>
        <line num="44" count="13" type="stmt"/>
        <line num="48" count="14" type="cond" truecount="2" falsecount="0"/>
        <line num="49" count="9" type="stmt"/>
        <line num="51" count="5" type="stmt"/>
        <line num="65" count="17" type="stmt"/>
        <line num="66" count="17" type="stmt"/>
        <line num="68" count="17" type="cond" truecount="2" falsecount="0"/>
        <line num="72" count="14" type="stmt"/>
        <line num="74" count="14" type="stmt"/>
        <line num="75" count="39" type="stmt"/>
        <line num="76" count="39" type="stmt"/>
        <line num="77" count="39" type="stmt"/>
        <line num="79" count="39" type="cond" truecount="2" falsecount="0"/>
        <line num="80" count="28" type="stmt"/>
        <line num="82" count="11" type="stmt"/>
        <line num="86" count="14" type="stmt"/>
        <line num="96" count="11" type="stmt"/>
        <line num="97" count="11" type="stmt"/>
        <line num="98" count="11" type="stmt"/>
        <line num="100" count="11" type="stmt"/>
        <line num="101" count="61" type="stmt"/>
        <line num="102" count="61" type="cond" truecount="2" falsecount="0"/>
        <line num="103" count="9" type="stmt"/>
        <line num="104" count="52" type="cond" truecount="2" falsecount="0"/>
        <line num="105" count="51" type="stmt"/>
        <line num="110" count="11" type="stmt"/>
        <line num="111" count="11" type="stmt"/>
        <line num="112" count="11" type="stmt"/>
        <line num="114" count="11" type="stmt"/>
        <line num="115" count="11" type="stmt"/>
        <line num="118" count="11" type="cond" truecount="2" falsecount="0"/>
        <line num="119" count="1" type="stmt"/>
        <line num="122" count="11" type="cond" truecount="2" falsecount="0"/>
        <line num="123" count="1" type="stmt"/>
        <line num="127" count="11" type="cond" truecount="2" falsecount="0"/>
        <line num="128" count="1" type="stmt"/>
        <line num="129" count="10" type="cond" truecount="2" falsecount="0"/>
        <line num="130" count="4" type="stmt"/>
        <line num="133" count="11" type="cond" truecount="4" falsecount="0"/>
        <line num="134" count="1" type="stmt"/>
        <line num="138" count="11" type="cond" truecount="4" falsecount="0"/>
        <line num="139" count="4" type="stmt"/>
        <line num="141" count="11" type="cond" truecount="4" falsecount="0"/>
        <line num="142" count="1" type="stmt"/>
        <line num="145" count="11" type="stmt"/>
        <line num="152" count="11" type="stmt"/>
        <line num="154" count="11" type="stmt"/>
        <line num="175" count="5" type="cond" truecount="2" falsecount="0"/>
        <line num="176" count="3" type="cond" truecount="2" falsecount="0"/>
        <line num="177" count="1" type="stmt"/>
        <line num="178" count="2" type="cond" truecount="2" falsecount="0"/>
        <line num="179" count="1" type="stmt"/>
        <line num="181" count="1" type="stmt"/>
        <line num="184" count="2" type="cond" truecount="2" falsecount="0"/>
        <line num="185" count="1" type="stmt"/>
        <line num="187" count="1" type="stmt"/>
      </file>
      <file name="projections.ts" path="/home/oscar/Projects/websites/sf-fcc-vacancy-registry/src/utils/projections.ts">
        <metrics statements="49" coveredstatements="49" conditionals="36" coveredconditionals="33" methods="7" coveredmethods="7"/>
        <line num="8" count="21" type="stmt"/>
        <line num="9" count="21" type="stmt"/>
        <line num="14" count="14" type="stmt"/>
        <line num="17" count="14" type="stmt"/>
        <line num="18" count="14" type="stmt"/>
        <line num="20" count="14" type="stmt"/>
        <line num="23" count="14" type="cond" truecount="5" falsecount="0"/>
        <line num="24" count="4" type="stmt"/>
        <line num="27" count="14" type="stmt"/>
        <line num="34" count="19" type="stmt"/>
        <line num="35" count="19" type="stmt"/>
        <line num="36" count="19" type="stmt"/>
        <line num="38" count="19" type="stmt"/>
        <line num="39" count="18" type="stmt"/>
        <line num="40" count="18" type="cond" truecount="4" falsecount="0"/>
        <line num="45" count="18" type="cond" truecount="2" falsecount="0"/>
        <line num="46" count="4" type="stmt"/>
        <line num="47" count="4" type="cond" truecount="4" falsecount="0"/>
        <line num="48" count="2" type="stmt"/>
        <line num="49" count="2" type="cond" truecount="1" falsecount="1"/>
        <line num="50" count="2" type="stmt"/>
        <line num="59" count="4" type="stmt"/>
        <line num="63" count="14" type="stmt"/>
        <line num="64" count="14" type="cond" truecount="4" falsecount="0"/>
        <line num="65" count="3" type="stmt"/>
        <line num="72" count="3" type="stmt"/>
        <line num="76" count="11" type="stmt"/>
        <line num="77" count="11" type="stmt"/>
        <line num="78" count="11" type="cond" truecount="4" falsecount="0"/>
        <line num="79" count="1" type="stmt"/>
        <line num="86" count="1" type="stmt"/>
        <line num="90" count="10" type="stmt"/>
        <line num="91" count="10" type="stmt"/>
        <line num="93" count="10" type="cond" truecount="4" falsecount="0"/>
        <line num="94" count="8" type="stmt"/>
        <line num="95" count="8" type="cond" truecount="1" falsecount="1"/>
        <line num="96" count="8" type="stmt"/>
        <line num="108" count="19" type="stmt"/>
        <line num="110" count="19" type="stmt"/>
        <line num="117" count="3" type="stmt"/>
        <line num="118" count="3" type="stmt"/>
        <line num="123" count="3" type="stmt"/>
        <line num="124" count="11" type="stmt"/>
        <line num="125" count="11" type="cond" truecount="1" falsecount="1"/>
        <line num="126" count="11" type="stmt"/>
        <line num="130" count="3" type="stmt"/>
        <line num="131" count="3" type="stmt"/>
        <line num="133" count="3" type="stmt"/>
        <line num="153" count="3" type="cond" truecount="2" falsecount="0"/>
      </file>
    </package>
  </project>
</coverage>
