{"/home/oscar/Projects/websites/sf-fcc-vacancy-registry/src/lib/elfa.ts": {"path":"/home/oscar/Projects/websites/sf-fcc-vacancy-registry/src/lib/elfa.ts","statementMap":{"0":{"start":{"line":7,"column":26},"end":{"line":70,"column":null}},"1":{"start":{"line":76,"column":23},"end":{"line":76,"column":null}},"2":{"start":{"line":77,"column":17},"end":{"line":77,"column":null}},"3":{"start":{"line":78,"column":2},"end":{"line":78,"column":null}},"4":{"start":{"line":79,"column":2},"end":{"line":79,"column":null}},"5":{"start":{"line":86,"column":2},"end":{"line":86,"column":null}}},"fnMap":{"0":{"name":"checkElfaStatus","decl":{"start":{"line":75,"column":22},"end":{"line":75,"column":38}},"loc":{"start":{"line":75,"column":79},"end":{"line":80,"column":null}},"line":75},"1":{"name":"getElfaLicenseCount","decl":{"start":{"line":85,"column":16},"end":{"line":85,"column":46}},"loc":{"start":{"line":85,"column":46},"end":{"line":87,"column":null}},"line":85}},"branchMap":{},"s":{"0":1,"1":5,"2":5,"3":5,"4":5,"5":2},"f":{"0":5,"1":2},"b":{},"meta":{"lastBranch":0,"lastFunction":2,"lastStatement":6,"seen":{"s:7:26:70:Infinity":0,"f:75:22:75:38":0,"s:76:23:76:Infinity":1,"s:77:17:77:Infinity":2,"s:78:2:78:Infinity":3,"s:79:2:79:Infinity":4,"f:85:16:85:46":1,"s:86:2:86:Infinity":5}}}
,"/home/oscar/Projects/websites/sf-fcc-vacancy-registry/src/lib/eligibility.ts": {"path":"/home/oscar/Projects/websites/sf-fcc-vacancy-registry/src/lib/eligibility.ts","statementMap":{"0":{"start":{"line":5,"column":17},"end":{"line":8,"column":null}},"1":{"start":{"line":12,"column":41},"end":{"line":25,"column":null}},"2":{"start":{"line":29,"column":88},"end":{"line":40,"column":null}},"3":{"start":{"line":65,"column":22},"end":{"line":65,"column":null}},"4":{"start":{"line":66,"column":18},"end":{"line":66,"column":null}},"5":{"start":{"line":68,"column":17},"end":{"line":68,"column":null}},"6":{"start":{"line":69,"column":17},"end":{"line":69,"column":null}},"7":{"start":{"line":70,"column":14},"end":{"line":70,"column":null}},"8":{"start":{"line":72,"column":2},"end":{"line":79,"column":null}},"9":{"start":{"line":91,"column":21},"end":{"line":91,"column":null}},"10":{"start":{"line":93,"column":2},"end":{"line":101,"column":null}},"11":{"start":{"line":119,"column":42},"end":{"line":159,"column":null}},"12":{"start":{"line":165,"column":31},"end":{"line":165,"column":null}},"13":{"start":{"line":167,"column":2},"end":{"line":174,"column":null}},"14":{"start":{"line":169,"column":4},"end":{"line":169,"column":null}},"15":{"start":{"line":169,"column":43},"end":{"line":169,"column":71}},"16":{"start":{"line":170,"column":4},"end":{"line":170,"column":null}},"17":{"start":{"line":170,"column":43},"end":{"line":170,"column":60}},"18":{"start":{"line":171,"column":2},"end":{"line":174,"column":null}},"19":{"start":{"line":173,"column":4},"end":{"line":173,"column":null}},"20":{"start":{"line":173,"column":43},"end":{"line":173,"column":60}},"21":{"start":{"line":177,"column":2},"end":{"line":177,"column":null}},"22":{"start":{"line":177,"column":41},"end":{"line":177,"column":59}},"23":{"start":{"line":179,"column":2},"end":{"line":179,"column":null}},"24":{"start":{"line":186,"column":2},"end":{"line":190,"column":null}}},"fnMap":{"0":{"name":"getThresholds","decl":{"start":{"line":64,"column":16},"end":{"line":64,"column":30}},"loc":{"start":{"line":64,"column":71},"end":{"line":80,"column":null}},"line":64},"1":{"name":"checkEligibility","decl":{"start":{"line":87,"column":16},"end":{"line":87,"column":null}},"loc":{"start":{"line":90,"column":21},"end":{"line":102,"column":null}},"line":90},"2":{"name":"getRelevantAgencies","decl":{"start":{"line":164,"column":16},"end":{"line":164,"column":36}},"loc":{"start":{"line":164,"column":75},"end":{"line":180,"column":null}},"line":164},"3":{"name":"(anonymous_3)","decl":{"start":{"line":169,"column":38},"end":{"line":169,"column":43}},"loc":{"start":{"line":169,"column":43},"end":{"line":169,"column":71}},"line":169},"4":{"name":"(anonymous_4)","decl":{"start":{"line":170,"column":38},"end":{"line":170,"column":43}},"loc":{"start":{"line":170,"column":43},"end":{"line":170,"column":60}},"line":170},"5":{"name":"(anonymous_5)","decl":{"start":{"line":173,"column":38},"end":{"line":173,"column":43}},"loc":{"start":{"line":173,"column":43},"end":{"line":173,"column":60}},"line":173},"6":{"name":"(anonymous_6)","decl":{"start":{"line":177,"column":36},"end":{"line":177,"column":41}},"loc":{"start":{"line":177,"column":41},"end":{"line":177,"column":59}},"line":177},"7":{"name":"formatCurrency","decl":{"start":{"line":185,"column":16},"end":{"line":185,"column":31}},"loc":{"start":{"line":185,"column":55},"end":{"line":191,"column":null}},"line":185}},"branchMap":{"0":{"loc":{"start":{"line":69,"column":17},"end":{"line":69,"column":null}},"type":"binary-expr","locations":[{"start":{"line":69,"column":17},"end":{"line":69,"column":42}},{"start":{"line":69,"column":42},"end":{"line":69,"column":null}}],"line":69},"1":{"loc":{"start":{"line":70,"column":14},"end":{"line":70,"column":null}},"type":"binary-expr","locations":[{"start":{"line":70,"column":14},"end":{"line":70,"column":38}},{"start":{"line":70,"column":38},"end":{"line":70,"column":null}}],"line":70},"2":{"loc":{"start":{"line":98,"column":19},"end":{"line":98,"column":null}},"type":"binary-expr","locations":[{"start":{"line":98,"column":19},"end":{"line":98,"column":55}},{"start":{"line":98,"column":55},"end":{"line":98,"column":null}}],"line":98},"3":{"loc":{"start":{"line":99,"column":20},"end":{"line":99,"column":null}},"type":"binary-expr","locations":[{"start":{"line":99,"column":20},"end":{"line":99,"column":56}},{"start":{"line":99,"column":56},"end":{"line":99,"column":null}}],"line":99},"4":{"loc":{"start":{"line":167,"column":2},"end":{"line":174,"column":null}},"type":"if","locations":[{"start":{"line":167,"column":2},"end":{"line":174,"column":null}},{"start":{"line":171,"column":2},"end":{"line":174,"column":null}}],"line":167},"5":{"loc":{"start":{"line":171,"column":2},"end":{"line":174,"column":null}},"type":"if","locations":[{"start":{"line":171,"column":2},"end":{"line":174,"column":null}},{"start":{},"end":{}}],"line":171},"6":{"loc":{"start":{"line":171,"column":13},"end":{"line":171,"column":60}},"type":"binary-expr","locations":[{"start":{"line":171,"column":13},"end":{"line":171,"column":37}},{"start":{"line":171,"column":37},"end":{"line":171,"column":60}}],"line":171}},"s":{"0":1,"1":1,"2":1,"3":33,"4":33,"5":33,"6":33,"7":33,"8":33,"9":17,"10":17,"11":1,"12":4,"13":4,"14":1,"15":1,"16":1,"17":2,"18":3,"19":2,"20":4,"21":4,"22":12,"23":4,"24":4},"f":{"0":33,"1":17,"2":4,"3":1,"4":2,"5":4,"6":12,"7":4},"b":{"0":[33,0],"1":[33,0],"2":[17,6],"3":[17,4],"4":[1,3],"5":[2,1],"6":[3,2]},"meta":{"lastBranch":7,"lastFunction":8,"lastStatement":25,"seen":{"s:5:17:8:Infinity":0,"s:12:41:25:Infinity":1,"s:29:88:40:Infinity":2,"f:64:16:64:30":0,"s:65:22:65:Infinity":3,"s:66:18:66:Infinity":4,"s:68:17:68:Infinity":5,"s:69:17:69:Infinity":6,"b:69:17:69:42:69:42:69:Infinity":0,"s:70:14:70:Infinity":7,"b:70:14:70:38:70:38:70:Infinity":1,"s:72:2:79:Infinity":8,"f:87:16:87:Infinity":1,"s:91:21:91:Infinity":9,"s:93:2:101:Infinity":10,"b:98:19:98:55:98:55:98:Infinity":2,"b:99:20:99:56:99:56:99:Infinity":3,"s:119:42:159:Infinity":11,"f:164:16:164:36":2,"s:165:31:165:Infinity":12,"b:167:2:174:Infinity:171:2:174:Infinity":4,"s:167:2:174:Infinity":13,"s:169:4:169:Infinity":14,"f:169:38:169:43":3,"s:169:43:169:71":15,"s:170:4:170:Infinity":16,"f:170:38:170:43":4,"s:170:43:170:60":17,"b:171:2:174:Infinity:undefined:undefined:undefined:undefined":5,"s:171:2:174:Infinity":18,"b:171:13:171:37:171:37:171:60":6,"s:173:4:173:Infinity":19,"f:173:38:173:43":5,"s:173:43:173:60":20,"s:177:2:177:Infinity":21,"f:177:36:177:41":6,"s:177:41:177:59":22,"s:179:2:179:Infinity":23,"f:185:16:185:31":7,"s:186:2:190:Infinity":24}}}
,"/home/oscar/Projects/websites/sf-fcc-vacancy-registry/src/lib/randomOrder.ts": {"path":"/home/oscar/Projects/websites/sf-fcc-vacancy-registry/src/lib/randomOrder.ts","statementMap":{"0":{"start":{"line":10,"column":14},"end":{"line":10,"column":null}},"1":{"start":{"line":11,"column":15},"end":{"line":11,"column":null}},"2":{"start":{"line":12,"column":2},"end":{"line":15,"column":null}},"3":{"start":{"line":13,"column":4},"end":{"line":13,"column":null}},"4":{"start":{"line":14,"column":4},"end":{"line":14,"column":null}},"5":{"start":{"line":16,"column":2},"end":{"line":16,"column":null}},"6":{"start":{"line":21,"column":2},"end":{"line":21,"column":null}},"7":{"start":{"line":26,"column":13},"end":{"line":26,"column":null}},"8":{"start":{"line":27,"column":2},"end":{"line":31,"column":null}},"9":{"start":{"line":27,"column":15},"end":{"line":27,"column":18}},"10":{"start":{"line":28,"column":17},"end":{"line":28,"column":null}},"11":{"start":{"line":29,"column":4},"end":{"line":29,"column":null}},"12":{"start":{"line":30,"column":4},"end":{"line":30,"column":null}},"13":{"start":{"line":32,"column":2},"end":{"line":32,"column":null}},"14":{"start":{"line":37,"column":2},"end":{"line":42,"column":null}},"15":{"start":{"line":38,"column":12},"end":{"line":38,"column":null}},"16":{"start":{"line":39,"column":4},"end":{"line":39,"column":null}},"17":{"start":{"line":40,"column":4},"end":{"line":40,"column":null}},"18":{"start":{"line":41,"column":4},"end":{"line":41,"column":null}},"19":{"start":{"line":47,"column":17},"end":{"line":47,"column":null}},"20":{"start":{"line":48,"column":17},"end":{"line":48,"column":null}},"21":{"start":{"line":50,"column":2},"end":{"line":53,"column":null}},"22":{"start":{"line":50,"column":15},"end":{"line":50,"column":34}},"23":{"start":{"line":51,"column":14},"end":{"line":51,"column":null}},"24":{"start":{"line":52,"column":4},"end":{"line":52,"column":null}},"25":{"start":{"line":55,"column":2},"end":{"line":55,"column":null}},"26":{"start":{"line":60,"column":17},"end":{"line":60,"column":null}},"27":{"start":{"line":61,"column":16},"end":{"line":61,"column":null}},"28":{"start":{"line":62,"column":15},"end":{"line":62,"column":null}},"29":{"start":{"line":63,"column":2},"end":{"line":63,"column":null}}},"fnMap":{"0":{"name":"getAnonymousUserId","decl":{"start":{"line":9,"column":9},"end":{"line":9,"column":38}},"loc":{"start":{"line":9,"column":38},"end":{"line":17,"column":null}},"line":9},"1":{"name":"getTodayString","decl":{"start":{"line":20,"column":9},"end":{"line":20,"column":34}},"loc":{"start":{"line":20,"column":34},"end":{"line":22,"column":null}},"line":20},"2":{"name":"hashToSeed","decl":{"start":{"line":25,"column":9},"end":{"line":25,"column":20}},"loc":{"start":{"line":25,"column":41},"end":{"line":33,"column":null}},"line":25},"3":{"name":"seededRandom","decl":{"start":{"line":36,"column":9},"end":{"line":36,"column":22}},"loc":{"start":{"line":36,"column":50},"end":{"line":43,"column":null}},"line":36},"4":{"name":"(anonymous_4)","decl":{"start":{"line":37,"column":9},"end":{"line":37,"column":20}},"loc":{"start":{"line":37,"column":20},"end":{"line":42,"column":null}},"line":37},"5":{"name":"seededShuffle","decl":{"start":{"line":46,"column":9},"end":{"line":46,"column":26}},"loc":{"start":{"line":46,"column":57},"end":{"line":56,"column":null}},"line":46},"6":{"name":"shuffleListingsForUser","decl":{"start":{"line":59,"column":16},"end":{"line":59,"column":42}},"loc":{"start":{"line":59,"column":62},"end":{"line":64,"column":null}},"line":59}},"branchMap":{"0":{"loc":{"start":{"line":12,"column":2},"end":{"line":15,"column":null}},"type":"if","locations":[{"start":{"line":12,"column":2},"end":{"line":15,"column":null}},{"start":{},"end":{}}],"line":12}},"s":{"0":13,"1":13,"2":13,"3":9,"4":9,"5":13,"6":13,"7":13,"8":13,"9":13,"10":369,"11":369,"12":369,"13":13,"14":13,"15":99,"16":99,"17":99,"18":99,"19":13,"20":13,"21":13,"22":13,"23":99,"24":99,"25":13,"26":13,"27":13,"28":13,"29":13},"f":{"0":13,"1":13,"2":13,"3":13,"4":99,"5":13,"6":13},"b":{"0":[9,4]},"meta":{"lastBranch":1,"lastFunction":7,"lastStatement":30,"seen":{"f:9:9:9:38":0,"s:10:14:10:Infinity":0,"s:11:15:11:Infinity":1,"b:12:2:15:Infinity:undefined:undefined:undefined:undefined":0,"s:12:2:15:Infinity":2,"s:13:4:13:Infinity":3,"s:14:4:14:Infinity":4,"s:16:2:16:Infinity":5,"f:20:9:20:34":1,"s:21:2:21:Infinity":6,"f:25:9:25:20":2,"s:26:13:26:Infinity":7,"s:27:2:31:Infinity":8,"s:27:15:27:18":9,"s:28:17:28:Infinity":10,"s:29:4:29:Infinity":11,"s:30:4:30:Infinity":12,"s:32:2:32:Infinity":13,"f:36:9:36:22":3,"s:37:2:42:Infinity":14,"f:37:9:37:20":4,"s:38:12:38:Infinity":15,"s:39:4:39:Infinity":16,"s:40:4:40:Infinity":17,"s:41:4:41:Infinity":18,"f:46:9:46:26":5,"s:47:17:47:Infinity":19,"s:48:17:48:Infinity":20,"s:50:2:53:Infinity":21,"s:50:15:50:34":22,"s:51:14:51:Infinity":23,"s:52:4:52:Infinity":24,"s:55:2:55:Infinity":25,"f:59:16:59:42":6,"s:60:17:60:Infinity":26,"s:61:16:61:Infinity":27,"s:62:15:62:Infinity":28,"s:63:2:63:Infinity":29}}}
,"/home/oscar/Projects/websites/sf-fcc-vacancy-registry/src/lib/vacancyTtl.ts": {"path":"/home/oscar/Projects/websites/sf-fcc-vacancy-registry/src/lib/vacancyTtl.ts","statementMap":{"0":{"start":{"line":12,"column":4},"end":{"line":12,"column":null}},"1":{"start":{"line":13,"column":2},"end":{"line":13,"column":null}},"2":{"start":{"line":17,"column":12},"end":{"line":17,"column":null}},"3":{"start":{"line":18,"column":2},"end":{"line":18,"column":null}},"4":{"start":{"line":19,"column":2},"end":{"line":19,"column":null}}},"fnMap":{"0":{"name":"computeVacancyTtlDays","decl":{"start":{"line":4,"column":16},"end":{"line":4,"column":38}},"loc":{"start":{"line":10,"column":11},"end":{"line":14,"column":null}},"line":10},"1":{"name":"computeExpiresAt","decl":{"start":{"line":16,"column":16},"end":{"line":16,"column":33}},"loc":{"start":{"line":16,"column":92},"end":{"line":20,"column":null}},"line":16}},"branchMap":{"0":{"loc":{"start":{"line":13,"column":9},"end":{"line":13,"column":null}},"type":"cond-expr","locations":[{"start":{"line":13,"column":50},"end":{"line":13,"column":55}},{"start":{"line":13,"column":55},"end":{"line":13,"column":null}}],"line":13},"1":{"loc":{"start":{"line":13,"column":9},"end":{"line":13,"column":50}},"type":"binary-expr","locations":[{"start":{"line":13,"column":9},"end":{"line":13,"column":36}},{"start":{"line":13,"column":36},"end":{"line":13,"column":50}}],"line":13}},"s":{"0":11,"1":11,"2":3,"3":3,"4":3},"f":{"0":11,"1":3},"b":{"0":[2,9],"1":[11,7]},"meta":{"lastBranch":2,"lastFunction":2,"lastStatement":5,"seen":{"f:4:16:4:38":0,"s:12:4:12:Infinity":0,"s:13:2:13:Infinity":1,"b:13:50:13:55:13:55:13:Infinity":0,"b:13:9:13:36:13:36:13:50":1,"f:16:16:16:33":1,"s:17:12:17:Infinity":2,"s:18:2:18:Infinity":3,"s:19:2:19:Infinity":4}}}
,"/home/oscar/Projects/websites/sf-fcc-vacancy-registry/src/utils/ageGroups.ts": {"path":"/home/oscar/Projects/websites/sf-fcc-vacancy-registry/src/utils/ageGroups.ts","statementMap":{"0":{"start":{"line":5,"column":52},"end":{"line":20,"column":null}},"1":{"start":{"line":23,"column":14},"end":{"line":23,"column":null}},"2":{"start":{"line":24,"column":16},"end":{"line":24,"column":null}},"3":{"start":{"line":25,"column":17},"end":{"line":25,"column":null}},"4":{"start":{"line":26,"column":18},"end":{"line":26,"column":null}},"5":{"start":{"line":28,"column":20},"end":{"line":28,"column":null}},"6":{"start":{"line":29,"column":2},"end":{"line":31,"column":null}},"7":{"start":{"line":30,"column":4},"end":{"line":30,"column":null}},"8":{"start":{"line":32,"column":2},"end":{"line":32,"column":null}},"9":{"start":{"line":36,"column":20},"end":{"line":36,"column":null}},"10":{"start":{"line":38,"column":2},"end":{"line":42,"column":null}},"11":{"start":{"line":39,"column":4},"end":{"line":41,"column":null}},"12":{"start":{"line":40,"column":6},"end":{"line":40,"column":null}},"13":{"start":{"line":44,"column":2},"end":{"line":44,"column":null}},"14":{"start":{"line":48,"column":2},"end":{"line":48,"column":null}},"15":{"start":{"line":48,"column":38},"end":{"line":48,"column":55}},"16":{"start":{"line":52,"column":17},"end":{"line":52,"column":null}},"17":{"start":{"line":53,"column":16},"end":{"line":53,"column":null}},"18":{"start":{"line":54,"column":26},"end":{"line":54,"column":null}},"19":{"start":{"line":56,"column":2},"end":{"line":62,"column":null}},"20":{"start":{"line":57,"column":4},"end":{"line":57,"column":null}},"21":{"start":{"line":58,"column":2},"end":{"line":62,"column":null}},"22":{"start":{"line":59,"column":4},"end":{"line":59,"column":null}},"23":{"start":{"line":61,"column":4},"end":{"line":61,"column":null}}},"fnMap":{"0":{"name":"getAgeInMonths","decl":{"start":{"line":22,"column":16},"end":{"line":22,"column":31}},"loc":{"start":{"line":22,"column":89},"end":{"line":33,"column":null}},"line":22},"1":{"name":"getAgeGroup","decl":{"start":{"line":35,"column":16},"end":{"line":35,"column":28}},"loc":{"start":{"line":35,"column":95},"end":{"line":45,"column":null}},"line":35},"2":{"name":"getAgeGroupConfig","decl":{"start":{"line":47,"column":16},"end":{"line":47,"column":34}},"loc":{"start":{"line":47,"column":70},"end":{"line":49,"column":null}},"line":47},"3":{"name":"(anonymous_3)","decl":{"start":{"line":48,"column":33},"end":{"line":48,"column":38}},"loc":{"start":{"line":48,"column":38},"end":{"line":48,"column":55}},"line":48},"4":{"name":"formatAge","decl":{"start":{"line":51,"column":16},"end":{"line":51,"column":26}},"loc":{"start":{"line":51,"column":84},"end":{"line":63,"column":null}},"line":51}},"branchMap":{"0":{"loc":{"start":{"line":22,"column":52},"end":{"line":22,"column":89}},"type":"default-arg","locations":[{"start":{"line":22,"column":69},"end":{"line":22,"column":89}}],"line":22},"1":{"loc":{"start":{"line":29,"column":2},"end":{"line":31,"column":null}},"type":"if","locations":[{"start":{"line":29,"column":2},"end":{"line":31,"column":null}},{"start":{},"end":{}}],"line":29},"2":{"loc":{"start":{"line":35,"column":49},"end":{"line":35,"column":95}},"type":"default-arg","locations":[{"start":{"line":35,"column":66},"end":{"line":35,"column":95}}],"line":35},"3":{"loc":{"start":{"line":39,"column":4},"end":{"line":41,"column":null}},"type":"if","locations":[{"start":{"line":39,"column":4},"end":{"line":41,"column":null}},{"start":{},"end":{}}],"line":39},"4":{"loc":{"start":{"line":39,"column":8},"end":{"line":39,"column":75}},"type":"binary-expr","locations":[{"start":{"line":39,"column":8},"end":{"line":39,"column":43}},{"start":{"line":39,"column":43},"end":{"line":39,"column":75}}],"line":39},"5":{"loc":{"start":{"line":51,"column":47},"end":{"line":51,"column":84}},"type":"default-arg","locations":[{"start":{"line":51,"column":64},"end":{"line":51,"column":84}}],"line":51},"6":{"loc":{"start":{"line":56,"column":2},"end":{"line":62,"column":null}},"type":"if","locations":[{"start":{"line":56,"column":2},"end":{"line":62,"column":null}},{"start":{"line":58,"column":2},"end":{"line":62,"column":null}}],"line":56},"7":{"loc":{"start":{"line":58,"column":2},"end":{"line":62,"column":null}},"type":"if","locations":[{"start":{"line":58,"column":2},"end":{"line":62,"column":null}},{"start":{"line":60,"column":9},"end":{"line":62,"column":null}}],"line":58}},"s":{"0":3,"1":101,"2":101,"3":101,"4":101,"5":101,"6":101,"7":4,"8":101,"9":88,"10":88,"11":155,"12":85,"13":3,"14":2,"15":3,"16":5,"17":5,"18":5,"19":5,"20":2,"21":3,"22":2,"23":1},"f":{"0":101,"1":88,"2":2,"3":3,"4":5},"b":{"0":[101],"1":[4,97],"2":[88],"3":[85,70],"4":[155,155],"5":[5],"6":[2,3],"7":[2,1]},"meta":{"lastBranch":8,"lastFunction":5,"lastStatement":24,"seen":{"s:5:52:20:Infinity":0,"f:22:16:22:31":0,"b:22:69:22:89":0,"s:23:14:23:Infinity":1,"s:24:16:24:Infinity":2,"s:25:17:25:Infinity":3,"s:26:18:26:Infinity":4,"s:28:20:28:Infinity":5,"b:29:2:31:Infinity:undefined:undefined:undefined:undefined":1,"s:29:2:31:Infinity":6,"s:30:4:30:Infinity":7,"s:32:2:32:Infinity":8,"f:35:16:35:28":1,"b:35:66:35:95":2,"s:36:20:36:Infinity":9,"s:38:2:42:Infinity":10,"b:39:4:41:Infinity:undefined:undefined:undefined:undefined":3,"s:39:4:41:Infinity":11,"b:39:8:39:43:39:43:39:75":4,"s:40:6:40:Infinity":12,"s:44:2:44:Infinity":13,"f:47:16:47:34":2,"s:48:2:48:Infinity":14,"f:48:33:48:38":3,"s:48:38:48:55":15,"f:51:16:51:26":4,"b:51:64:51:84":5,"s:52:17:52:Infinity":16,"s:53:16:53:Infinity":17,"s:54:26:54:Infinity":18,"b:56:2:62:Infinity:58:2:62:Infinity":6,"s:56:2:62:Infinity":19,"s:57:4:57:Infinity":20,"b:58:2:62:Infinity:60:9:62:Infinity":7,"s:58:2:62:Infinity":21,"s:59:4:59:Infinity":22,"s:61:4:61:Infinity":23}}}
,"/home/oscar/Projects/websites/sf-fcc-vacancy-registry/src/utils/compliance.ts": {"path":"/home/oscar/Projects/websites/sf-fcc-vacancy-registry/src/utils/compliance.ts","statementMap":{"0":{"start":{"line":37,"column":2},"end":{"line":53,"column":null}},"1":{"start":{"line":39,"column":4},"end":{"line":45,"column":null}},"2":{"start":{"line":40,"column":6},"end":{"line":40,"column":null}},"3":{"start":{"line":41,"column":4},"end":{"line":45,"column":null}},"4":{"start":{"line":42,"column":6},"end":{"line":42,"column":null}},"5":{"start":{"line":44,"column":6},"end":{"line":44,"column":null}},"6":{"start":{"line":48,"column":4},"end":{"line":52,"column":null}},"7":{"start":{"line":49,"column":6},"end":{"line":49,"column":null}},"8":{"start":{"line":51,"column":6},"end":{"line":51,"column":null}},"9":{"start":{"line":65,"column":24},"end":{"line":65,"column":null}},"10":{"start":{"line":66,"column":25},"end":{"line":66,"column":null}},"11":{"start":{"line":68,"column":2},"end":{"line":68,"column":null}},"12":{"start":{"line":68,"column":27},"end":{"line":68,"column":null}},"13":{"start":{"line":72,"column":22},"end":{"line":72,"column":null}},"14":{"start":{"line":74,"column":2},"end":{"line":84,"column":null}},"15":{"start":{"line":74,"column":24},"end":{"line":74,"column":27}},"16":{"start":{"line":75,"column":21},"end":{"line":75,"column":null}},"17":{"start":{"line":76,"column":27},"end":{"line":76,"column":null}},"18":{"start":{"line":77,"column":23},"end":{"line":77,"column":null}},"19":{"start":{"line":79,"column":4},"end":{"line":83,"column":null}},"20":{"start":{"line":80,"column":6},"end":{"line":80,"column":null}},"21":{"start":{"line":82,"column":6},"end":{"line":82,"column":null}},"22":{"start":{"line":86,"column":2},"end":{"line":86,"column":null}},"23":{"start":{"line":96,"column":16},"end":{"line":96,"column":null}},"24":{"start":{"line":97,"column":20},"end":{"line":97,"column":null}},"25":{"start":{"line":98,"column":23},"end":{"line":98,"column":null}},"26":{"start":{"line":100,"column":2},"end":{"line":108,"column":null}},"27":{"start":{"line":101,"column":10},"end":{"line":101,"column":null}},"28":{"start":{"line":102,"column":4},"end":{"line":106,"column":null}},"29":{"start":{"line":103,"column":6},"end":{"line":103,"column":null}},"30":{"start":{"line":104,"column":4},"end":{"line":106,"column":null}},"31":{"start":{"line":105,"column":6},"end":{"line":105,"column":null}},"32":{"start":{"line":110,"column":24},"end":{"line":110,"column":null}},"33":{"start":{"line":111,"column":28},"end":{"line":111,"column":null}},"34":{"start":{"line":112,"column":26},"end":{"line":112,"column":null}},"35":{"start":{"line":114,"column":29},"end":{"line":114,"column":null}},"36":{"start":{"line":115,"column":27},"end":{"line":115,"column":null}},"37":{"start":{"line":118,"column":2},"end":{"line":120,"column":null}},"38":{"start":{"line":119,"column":4},"end":{"line":119,"column":null}},"39":{"start":{"line":122,"column":2},"end":{"line":124,"column":null}},"40":{"start":{"line":123,"column":4},"end":{"line":123,"column":null}},"41":{"start":{"line":127,"column":2},"end":{"line":131,"column":null}},"42":{"start":{"line":128,"column":4},"end":{"line":128,"column":null}},"43":{"start":{"line":129,"column":2},"end":{"line":131,"column":null}},"44":{"start":{"line":130,"column":4},"end":{"line":130,"column":null}},"45":{"start":{"line":133,"column":2},"end":{"line":135,"column":null}},"46":{"start":{"line":134,"column":4},"end":{"line":134,"column":null}},"47":{"start":{"line":138,"column":2},"end":{"line":140,"column":null}},"48":{"start":{"line":139,"column":4},"end":{"line":139,"column":null}},"49":{"start":{"line":141,"column":2},"end":{"line":143,"column":null}},"50":{"start":{"line":142,"column":4},"end":{"line":142,"column":null}},"51":{"start":{"line":145,"column":31},"end":{"line":150,"column":null}},"52":{"start":{"line":152,"column":30},"end":{"line":152,"column":null}},"53":{"start":{"line":154,"column":2},"end":{"line":165,"column":null}},"54":{"start":{"line":175,"column":2},"end":{"line":189,"column":null}},"55":{"start":{"line":176,"column":4},"end":{"line":182,"column":null}},"56":{"start":{"line":177,"column":6},"end":{"line":177,"column":null}},"57":{"start":{"line":178,"column":4},"end":{"line":182,"column":null}},"58":{"start":{"line":179,"column":6},"end":{"line":179,"column":null}},"59":{"start":{"line":181,"column":6},"end":{"line":181,"column":null}},"60":{"start":{"line":184,"column":4},"end":{"line":188,"column":null}},"61":{"start":{"line":185,"column":6},"end":{"line":185,"column":null}},"62":{"start":{"line":187,"column":6},"end":{"line":187,"column":null}}},"fnMap":{"0":{"name":"getMaxInfantsAllowed","decl":{"start":{"line":33,"column":16},"end":{"line":33,"column":null}},"loc":{"start":{"line":36,"column":10},"end":{"line":54,"column":null}},"line":36},"1":{"name":"getAvailableInfantSpots","decl":{"start":{"line":59,"column":16},"end":{"line":59,"column":null}},"loc":{"start":{"line":64,"column":10},"end":{"line":87,"column":null}},"line":64},"2":{"name":"calculateComplianceStatus","decl":{"start":{"line":92,"column":16},"end":{"line":92,"column":null}},"loc":{"start":{"line":95,"column":20},"end":{"line":166,"column":null}},"line":95},"3":{"name":"getCapacityRuleDescription","decl":{"start":{"line":171,"column":16},"end":{"line":171,"column":null}},"loc":{"start":{"line":174,"column":10},"end":{"line":190,"column":null}},"line":174}},"branchMap":{"0":{"loc":{"start":{"line":37,"column":2},"end":{"line":53,"column":null}},"type":"if","locations":[{"start":{"line":37,"column":2},"end":{"line":53,"column":null}},{"start":{"line":46,"column":9},"end":{"line":53,"column":null}}],"line":37},"1":{"loc":{"start":{"line":39,"column":4},"end":{"line":45,"column":null}},"type":"if","locations":[{"start":{"line":39,"column":4},"end":{"line":45,"column":null}},{"start":{"line":41,"column":4},"end":{"line":45,"column":null}}],"line":39},"2":{"loc":{"start":{"line":41,"column":4},"end":{"line":45,"column":null}},"type":"if","locations":[{"start":{"line":41,"column":4},"end":{"line":45,"column":null}},{"start":{"line":43,"column":11},"end":{"line":45,"column":null}}],"line":41},"3":{"loc":{"start":{"line":48,"column":4},"end":{"line":52,"column":null}},"type":"if","locations":[{"start":{"line":48,"column":4},"end":{"line":52,"column":null}},{"start":{"line":50,"column":11},"end":{"line":52,"column":null}}],"line":48},"4":{"loc":{"start":{"line":68,"column":2},"end":{"line":68,"column":null}},"type":"if","locations":[{"start":{"line":68,"column":2},"end":{"line":68,"column":null}},{"start":{},"end":{}}],"line":68},"5":{"loc":{"start":{"line":79,"column":4},"end":{"line":83,"column":null}},"type":"if","locations":[{"start":{"line":79,"column":4},"end":{"line":83,"column":null}},{"start":{"line":81,"column":11},"end":{"line":83,"column":null}}],"line":79},"6":{"loc":{"start":{"line":102,"column":4},"end":{"line":106,"column":null}},"type":"if","locations":[{"start":{"line":102,"column":4},"end":{"line":106,"column":null}},{"start":{"line":104,"column":4},"end":{"line":106,"column":null}}],"line":102},"7":{"loc":{"start":{"line":104,"column":4},"end":{"line":106,"column":null}},"type":"if","locations":[{"start":{"line":104,"column":4},"end":{"line":106,"column":null}},{"start":{},"end":{}}],"line":104},"8":{"loc":{"start":{"line":118,"column":2},"end":{"line":120,"column":null}},"type":"if","locations":[{"start":{"line":118,"column":2},"end":{"line":120,"column":null}},{"start":{},"end":{}}],"line":118},"9":{"loc":{"start":{"line":122,"column":2},"end":{"line":124,"column":null}},"type":"if","locations":[{"start":{"line":122,"column":2},"end":{"line":124,"column":null}},{"start":{},"end":{}}],"line":122},"10":{"loc":{"start":{"line":127,"column":2},"end":{"line":131,"column":null}},"type":"if","locations":[{"start":{"line":127,"column":2},"end":{"line":131,"column":null}},{"start":{"line":129,"column":2},"end":{"line":131,"column":null}}],"line":127},"11":{"loc":{"start":{"line":129,"column":2},"end":{"line":131,"column":null}},"type":"if","locations":[{"start":{"line":129,"column":2},"end":{"line":131,"column":null}},{"start":{},"end":{}}],"line":129},"12":{"loc":{"start":{"line":133,"column":2},"end":{"line":135,"column":null}},"type":"if","locations":[{"start":{"line":133,"column":2},"end":{"line":135,"column":null}},{"start":{},"end":{}}],"line":133},"13":{"loc":{"start":{"line":133,"column":6},"end":{"line":133,"column":60}},"type":"binary-expr","locations":[{"start":{"line":133,"column":6},"end":{"line":133,"column":43}},{"start":{"line":133,"column":43},"end":{"line":133,"column":60}}],"line":133},"14":{"loc":{"start":{"line":138,"column":2},"end":{"line":140,"column":null}},"type":"if","locations":[{"start":{"line":138,"column":2},"end":{"line":140,"column":null}},{"start":{},"end":{}}],"line":138},"15":{"loc":{"start":{"line":138,"column":6},"end":{"line":138,"column":74}},"type":"binary-expr","locations":[{"start":{"line":138,"column":6},"end":{"line":138,"column":55}},{"start":{"line":138,"column":55},"end":{"line":138,"column":74}}],"line":138},"16":{"loc":{"start":{"line":141,"column":2},"end":{"line":143,"column":null}},"type":"if","locations":[{"start":{"line":141,"column":2},"end":{"line":143,"column":null}},{"start":{},"end":{}}],"line":141},"17":{"loc":{"start":{"line":141,"column":6},"end":{"line":141,"column":75}},"type":"binary-expr","locations":[{"start":{"line":141,"column":6},"end":{"line":141,"column":55}},{"start":{"line":141,"column":55},"end":{"line":141,"column":75}}],"line":141},"18":{"loc":{"start":{"line":175,"column":2},"end":{"line":189,"column":null}},"type":"if","locations":[{"start":{"line":175,"column":2},"end":{"line":189,"column":null}},{"start":{"line":183,"column":9},"end":{"line":189,"column":null}}],"line":175},"19":{"loc":{"start":{"line":176,"column":4},"end":{"line":182,"column":null}},"type":"if","locations":[{"start":{"line":176,"column":4},"end":{"line":182,"column":null}},{"start":{"line":178,"column":4},"end":{"line":182,"column":null}}],"line":176},"20":{"loc":{"start":{"line":178,"column":4},"end":{"line":182,"column":null}},"type":"if","locations":[{"start":{"line":178,"column":4},"end":{"line":182,"column":null}},{"start":{"line":180,"column":11},"end":{"line":182,"column":null}}],"line":178},"21":{"loc":{"start":{"line":184,"column":4},"end":{"line":188,"column":null}},"type":"if","locations":[{"start":{"line":184,"column":4},"end":{"line":188,"column":null}},{"start":{"line":186,"column":11},"end":{"line":188,"column":null}}],"line":184}},"s":{"0":63,"1":49,"2":24,"3":25,"4":12,"5":13,"6":14,"7":9,"8":5,"9":17,"10":17,"11":17,"12":3,"13":14,"14":14,"15":14,"16":39,"17":39,"18":39,"19":39,"20":28,"21":11,"22":14,"23":11,"24":11,"25":11,"26":11,"27":61,"28":61,"29":9,"30":52,"31":51,"32":11,"33":11,"34":11,"35":11,"36":11,"37":11,"38":1,"39":11,"40":1,"41":11,"42":1,"43":10,"44":4,"45":11,"46":1,"47":11,"48":4,"49":11,"50":1,"51":11,"52":11,"53":11,"54":5,"55":3,"56":1,"57":2,"58":1,"59":1,"60":2,"61":1,"62":1},"f":{"0":63,"1":17,"2":11,"3":5},"b":{"0":[49,14],"1":[24,25],"2":[12,13],"3":[9,5],"4":[3,14],"5":[28,11],"6":[9,52],"7":[51,1],"8":[1,10],"9":[1,10],"10":[1,10],"11":[4,6],"12":[1,10],"13":[11,1],"14":[4,7],"15":[11,10],"16":[1,10],"17":[11,1],"18":[3,2],"19":[1,2],"20":[1,1],"21":[1,1]},"meta":{"lastBranch":22,"lastFunction":4,"lastStatement":63,"seen":{"f:33:16:33:Infinity":0,"b:37:2:53:Infinity:46:9:53:Infinity":0,"s:37:2:53:Infinity":0,"b:39:4:45:Infinity:41:4:45:Infinity":1,"s:39:4:45:Infinity":1,"s:40:6:40:Infinity":2,"b:41:4:45:Infinity:43:11:45:Infinity":2,"s:41:4:45:Infinity":3,"s:42:6:42:Infinity":4,"s:44:6:44:Infinity":5,"b:48:4:52:Infinity:50:11:52:Infinity":3,"s:48:4:52:Infinity":6,"s:49:6:49:Infinity":7,"s:51:6:51:Infinity":8,"f:59:16:59:Infinity":1,"s:65:24:65:Infinity":9,"s:66:25:66:Infinity":10,"b:68:2:68:Infinity:undefined:undefined:undefined:undefined":4,"s:68:2:68:Infinity":11,"s:68:27:68:Infinity":12,"s:72:22:72:Infinity":13,"s:74:2:84:Infinity":14,"s:74:24:74:27":15,"s:75:21:75:Infinity":16,"s:76:27:76:Infinity":17,"s:77:23:77:Infinity":18,"b:79:4:83:Infinity:81:11:83:Infinity":5,"s:79:4:83:Infinity":19,"s:80:6:80:Infinity":20,"s:82:6:82:Infinity":21,"s:86:2:86:Infinity":22,"f:92:16:92:Infinity":2,"s:96:16:96:Infinity":23,"s:97:20:97:Infinity":24,"s:98:23:98:Infinity":25,"s:100:2:108:Infinity":26,"s:101:10:101:Infinity":27,"b:102:4:106:Infinity:104:4:106:Infinity":6,"s:102:4:106:Infinity":28,"s:103:6:103:Infinity":29,"b:104:4:106:Infinity:undefined:undefined:undefined:undefined":7,"s:104:4:106:Infinity":30,"s:105:6:105:Infinity":31,"s:110:24:110:Infinity":32,"s:111:28:111:Infinity":33,"s:112:26:112:Infinity":34,"s:114:29:114:Infinity":35,"s:115:27:115:Infinity":36,"b:118:2:120:Infinity:undefined:undefined:undefined:undefined":8,"s:118:2:120:Infinity":37,"s:119:4:119:Infinity":38,"b:122:2:124:Infinity:undefined:undefined:undefined:undefined":9,"s:122:2:124:Infinity":39,"s:123:4:123:Infinity":40,"b:127:2:131:Infinity:129:2:131:Infinity":10,"s:127:2:131:Infinity":41,"s:128:4:128:Infinity":42,"b:129:2:131:Infinity:undefined:undefined:undefined:undefined":11,"s:129:2:131:Infinity":43,"s:130:4:130:Infinity":44,"b:133:2:135:Infinity:undefined:undefined:undefined:undefined":12,"s:133:2:135:Infinity":45,"b:133:6:133:43:133:43:133:60":13,"s:134:4:134:Infinity":46,"b:138:2:140:Infinity:undefined:undefined:undefined:undefined":14,"s:138:2:140:Infinity":47,"b:138:6:138:55:138:55:138:74":15,"s:139:4:139:Infinity":48,"b:141:2:143:Infinity:undefined:undefined:undefined:undefined":16,"s:141:2:143:Infinity":49,"b:141:6:141:55:141:55:141:75":17,"s:142:4:142:Infinity":50,"s:145:31:150:Infinity":51,"s:152:30:152:Infinity":52,"s:154:2:165:Infinity":53,"f:171:16:171:Infinity":3,"b:175:2:189:Infinity:183:9:189:Infinity":18,"s:175:2:189:Infinity":54,"b:176:4:182:Infinity:178:4:182:Infinity":19,"s:176:4:182:Infinity":55,"s:177:6:177:Infinity":56,"b:178:4:182:Infinity:180:11:182:Infinity":20,"s:178:4:182:Infinity":57,"s:179:6:179:Infinity":58,"s:181:6:181:Infinity":59,"b:184:4:188:Infinity:186:11:188:Infinity":21,"s:184:4:188:Infinity":60,"s:185:6:185:Infinity":61,"s:187:6:187:Infinity":62}}}
,"/home/oscar/Projects/websites/sf-fcc-vacancy-registry/src/utils/projections.ts": {"path":"/home/oscar/Projects/websites/sf-fcc-vacancy-registry/src/utils/projections.ts","statementMap":{"0":{"start":{"line":8,"column":14},"end":{"line":8,"column":null}},"1":{"start":{"line":9,"column":2},"end":{"line":9,"column":null}},"2":{"start":{"line":14,"column":14},"end":{"line":14,"column":null}},"3":{"start":{"line":17,"column":21},"end":{"line":17,"column":null}},"4":{"start":{"line":18,"column":19},"end":{"line":18,"column":null}},"5":{"start":{"line":20,"column":25},"end":{"line":20,"column":null}},"6":{"start":{"line":23,"column":2},"end":{"line":25,"column":null}},"7":{"start":{"line":24,"column":4},"end":{"line":24,"column":null}},"8":{"start":{"line":27,"column":2},"end":{"line":27,"column":null}},"9":{"start":{"line":34,"column":39},"end":{"line":34,"column":null}},"10":{"start":{"line":35,"column":16},"end":{"line":35,"column":null}},"11":{"start":{"line":36,"column":8},"end":{"line":36,"column":null}},"12":{"start":{"line":38,"column":2},"end":{"line":105,"column":null}},"13":{"start":{"line":38,"column":15},"end":{"line":38,"column":18}},"14":{"start":{"line":39,"column":18},"end":{"line":39,"column":null}},"15":{"start":{"line":40,"column":23},"end":{"line":42,"column":null}},"16":{"start":{"line":45,"column":4},"end":{"line":60,"column":null}},"17":{"start":{"line":46,"column":28},"end":{"line":46,"column":null}},"18":{"start":{"line":47,"column":6},"end":{"line":58,"column":null}},"19":{"start":{"line":48,"column":14},"end":{"line":48,"column":null}},"20":{"start":{"line":49,"column":8},"end":{"line":57,"column":null}},"21":{"start":{"line":50,"column":10},"end":{"line":56,"column":null}},"22":{"start":{"line":59,"column":6},"end":{"line":59,"column":null}},"23":{"start":{"line":63,"column":23},"end":{"line":63,"column":null}},"24":{"start":{"line":64,"column":4},"end":{"line":73,"column":null}},"25":{"start":{"line":65,"column":6},"end":{"line":71,"column":null}},"26":{"start":{"line":72,"column":6},"end":{"line":72,"column":null}},"27":{"start":{"line":76,"column":24},"end":{"line":76,"column":null}},"28":{"start":{"line":77,"column":25},"end":{"line":77,"column":null}},"29":{"start":{"line":78,"column":4},"end":{"line":87,"column":null}},"30":{"start":{"line":79,"column":6},"end":{"line":85,"column":null}},"31":{"start":{"line":86,"column":6},"end":{"line":86,"column":null}},"32":{"start":{"line":90,"column":24},"end":{"line":90,"column":null}},"33":{"start":{"line":91,"column":27},"end":{"line":91,"column":null}},"34":{"start":{"line":93,"column":4},"end":{"line":104,"column":null}},"35":{"start":{"line":94,"column":12},"end":{"line":94,"column":null}},"36":{"start":{"line":95,"column":6},"end":{"line":103,"column":null}},"37":{"start":{"line":96,"column":8},"end":{"line":102,"column":null}},"38":{"start":{"line":108,"column":2},"end":{"line":108,"column":null}},"39":{"start":{"line":108,"column":26},"end":{"line":108,"column":81}},"40":{"start":{"line":110,"column":2},"end":{"line":110,"column":null}},"41":{"start":{"line":117,"column":16},"end":{"line":117,"column":null}},"42":{"start":{"line":118,"column":43},"end":{"line":121,"column":null}},"43":{"start":{"line":123,"column":2},"end":{"line":128,"column":null}},"44":{"start":{"line":124,"column":10},"end":{"line":124,"column":null}},"45":{"start":{"line":125,"column":4},"end":{"line":127,"column":null}},"46":{"start":{"line":126,"column":6},"end":{"line":126,"column":null}},"47":{"start":{"line":130,"column":24},"end":{"line":130,"column":null}},"48":{"start":{"line":131,"column":8},"end":{"line":131,"column":null}},"49":{"start":{"line":133,"column":2},"end":{"line":146,"column":null}},"50":{"start":{"line":153,"column":2},"end":{"line":153,"column":null}},"51":{"start":{"line":153,"column":31},"end":{"line":153,"column":54}}},"fnMap":{"0":{"name":"getAgeTransitionDate","decl":{"start":{"line":7,"column":9},"end":{"line":7,"column":30}},"loc":{"start":{"line":7,"column":82},"end":{"line":10,"column":null}},"line":7},"1":{"name":"getKindergartenStartDate","decl":{"start":{"line":13,"column":9},"end":{"line":13,"column":34}},"loc":{"start":{"line":13,"column":61},"end":{"line":28,"column":null}},"line":13},"2":{"name":"calculateProjectedOpenings","decl":{"start":{"line":30,"column":16},"end":{"line":30,"column":null}},"loc":{"start":{"line":33,"column":22},"end":{"line":111,"column":null}},"line":33},"3":{"name":"(anonymous_3)","decl":{"start":{"line":108,"column":16},"end":{"line":108,"column":17}},"loc":{"start":{"line":108,"column":26},"end":{"line":108,"column":81}},"line":108},"4":{"name":"calculateCurrentVacancies","decl":{"start":{"line":113,"column":16},"end":{"line":113,"column":null}},"loc":{"start":{"line":116,"column":13},"end":{"line":147,"column":null}},"line":116},"5":{"name":"getNextOpeningByAgeGroup","decl":{"start":{"line":149,"column":16},"end":{"line":149,"column":null}},"loc":{"start":{"line":152,"column":27},"end":{"line":154,"column":null}},"line":152},"6":{"name":"(anonymous_6)","decl":{"start":{"line":153,"column":26},"end":{"line":153,"column":31}},"loc":{"start":{"line":153,"column":31},"end":{"line":153,"column":54}},"line":153}},"branchMap":{"0":{"loc":{"start":{"line":23,"column":2},"end":{"line":25,"column":null}},"type":"if","locations":[{"start":{"line":23,"column":2},"end":{"line":25,"column":null}},{"start":{},"end":{}}],"line":23},"1":{"loc":{"start":{"line":23,"column":6},"end":{"line":23,"column":61}},"type":"binary-expr","locations":[{"start":{"line":23,"column":6},"end":{"line":23,"column":25}},{"start":{"line":23,"column":25},"end":{"line":23,"column":45}},{"start":{"line":23,"column":45},"end":{"line":23,"column":61}}],"line":23},"2":{"loc":{"start":{"line":32,"column":2},"end":{"line":32,"column":null}},"type":"default-arg","locations":[{"start":{"line":32,"column":29},"end":{"line":32,"column":null}}],"line":32},"3":{"loc":{"start":{"line":40,"column":23},"end":{"line":42,"column":null}},"type":"cond-expr","locations":[{"start":{"line":41,"column":8},"end":{"line":41,"column":null}},{"start":{"line":42,"column":8},"end":{"line":42,"column":null}}],"line":40},"4":{"loc":{"start":{"line":40,"column":23},"end":{"line":40,"column":null}},"type":"binary-expr","locations":[{"start":{"line":40,"column":23},"end":{"line":40,"column":42}},{"start":{"line":40,"column":42},"end":{"line":40,"column":null}}],"line":40},"5":{"loc":{"start":{"line":45,"column":4},"end":{"line":60,"column":null}},"type":"if","locations":[{"start":{"line":45,"column":4},"end":{"line":60,"column":null}},{"start":{},"end":{}}],"line":45},"6":{"loc":{"start":{"line":47,"column":6},"end":{"line":58,"column":null}},"type":"if","locations":[{"start":{"line":47,"column":6},"end":{"line":58,"column":null}},{"start":{},"end":{}}],"line":47},"7":{"loc":{"start":{"line":47,"column":10},"end":{"line":47,"column":68}},"type":"binary-expr","locations":[{"start":{"line":47,"column":10},"end":{"line":47,"column":36}},{"start":{"line":47,"column":36},"end":{"line":47,"column":68}}],"line":47},"8":{"loc":{"start":{"line":49,"column":8},"end":{"line":57,"column":null}},"type":"if","locations":[{"start":{"line":49,"column":8},"end":{"line":57,"column":null}},{"start":{},"end":{}}],"line":49},"9":{"loc":{"start":{"line":64,"column":4},"end":{"line":73,"column":null}},"type":"if","locations":[{"start":{"line":64,"column":4},"end":{"line":73,"column":null}},{"start":{},"end":{}}],"line":64},"10":{"loc":{"start":{"line":64,"column":8},"end":{"line":64,"column":60}},"type":"binary-expr","locations":[{"start":{"line":64,"column":8},"end":{"line":64,"column":31}},{"start":{"line":64,"column":31},"end":{"line":64,"column":60}}],"line":64},"11":{"loc":{"start":{"line":78,"column":4},"end":{"line":87,"column":null}},"type":"if","locations":[{"start":{"line":78,"column":4},"end":{"line":87,"column":null}},{"start":{},"end":{}}],"line":78},"12":{"loc":{"start":{"line":78,"column":8},"end":{"line":78,"column":64}},"type":"binary-expr","locations":[{"start":{"line":78,"column":8},"end":{"line":78,"column":33}},{"start":{"line":78,"column":33},"end":{"line":78,"column":64}}],"line":78},"13":{"loc":{"start":{"line":93,"column":4},"end":{"line":104,"column":null}},"type":"if","locations":[{"start":{"line":93,"column":4},"end":{"line":104,"column":null}},{"start":{},"end":{}}],"line":93},"14":{"loc":{"start":{"line":93,"column":8},"end":{"line":93,"column":68}},"type":"binary-expr","locations":[{"start":{"line":93,"column":8},"end":{"line":93,"column":35}},{"start":{"line":93,"column":35},"end":{"line":93,"column":68}}],"line":93},"15":{"loc":{"start":{"line":95,"column":6},"end":{"line":103,"column":null}},"type":"if","locations":[{"start":{"line":95,"column":6},"end":{"line":103,"column":null}},{"start":{},"end":{}}],"line":95},"16":{"loc":{"start":{"line":125,"column":4},"end":{"line":127,"column":null}},"type":"if","locations":[{"start":{"line":125,"column":4},"end":{"line":127,"column":null}},{"start":{},"end":{}}],"line":125},"17":{"loc":{"start":{"line":153,"column":9},"end":{"line":153,"column":null}},"type":"binary-expr","locations":[{"start":{"line":153,"column":9},"end":{"line":153,"column":59}},{"start":{"line":153,"column":59},"end":{"line":153,"column":null}}],"line":153}},"s":{"0":21,"1":21,"2":14,"3":14,"4":14,"5":14,"6":14,"7":4,"8":14,"9":19,"10":19,"11":19,"12":19,"13":19,"14":18,"15":18,"16":18,"17":4,"18":4,"19":2,"20":2,"21":2,"22":4,"23":14,"24":14,"25":3,"26":3,"27":11,"28":11,"29":11,"30":1,"31":1,"32":10,"33":10,"34":10,"35":8,"36":8,"37":8,"38":19,"39":1,"40":19,"41":3,"42":3,"43":3,"44":11,"45":11,"46":11,"47":3,"48":3,"49":3,"50":3,"51":2},"f":{"0":21,"1":14,"2":19,"3":1,"4":3,"5":3,"6":2},"b":{"0":[4,10],"1":[14,11,1],"2":[19],"3":[17,1],"4":[18,1],"5":[4,14],"6":[2,2],"7":[4,3],"8":[2,0],"9":[3,11],"10":[14,13],"11":[1,10],"12":[11,11],"13":[8,2],"14":[10,9],"15":[8,0],"16":[11,0],"17":[3,2]},"meta":{"lastBranch":18,"lastFunction":7,"lastStatement":52,"seen":{"f:7:9:7:30":0,"s:8:14:8:Infinity":0,"s:9:2:9:Infinity":1,"f:13:9:13:34":1,"s:14:14:14:Infinity":2,"s:17:21:17:Infinity":3,"s:18:19:18:Infinity":4,"s:20:25:20:Infinity":5,"b:23:2:25:Infinity:undefined:undefined:undefined:undefined":0,"s:23:2:25:Infinity":6,"b:23:6:23:25:23:25:23:45:23:45:23:61":1,"s:24:4:24:Infinity":7,"s:27:2:27:Infinity":8,"f:30:16:30:Infinity":2,"b:32:29:32:Infinity":2,"s:34:39:34:Infinity":9,"s:35:16:35:Infinity":10,"s:36:8:36:Infinity":11,"s:38:2:105:Infinity":12,"s:38:15:38:18":13,"s:39:18:39:Infinity":14,"s:40:23:42:Infinity":15,"b:41:8:41:Infinity:42:8:42:Infinity":3,"b:40:23:40:42:40:42:40:Infinity":4,"b:45:4:60:Infinity:undefined:undefined:undefined:undefined":5,"s:45:4:60:Infinity":16,"s:46:28:46:Infinity":17,"b:47:6:58:Infinity:undefined:undefined:undefined:undefined":6,"s:47:6:58:Infinity":18,"b:47:10:47:36:47:36:47:68":7,"s:48:14:48:Infinity":19,"b:49:8:57:Infinity:undefined:undefined:undefined:undefined":8,"s:49:8:57:Infinity":20,"s:50:10:56:Infinity":21,"s:59:6:59:Infinity":22,"s:63:23:63:Infinity":23,"b:64:4:73:Infinity:undefined:undefined:undefined:undefined":9,"s:64:4:73:Infinity":24,"b:64:8:64:31:64:31:64:60":10,"s:65:6:71:Infinity":25,"s:72:6:72:Infinity":26,"s:76:24:76:Infinity":27,"s:77:25:77:Infinity":28,"b:78:4:87:Infinity:undefined:undefined:undefined:undefined":11,"s:78:4:87:Infinity":29,"b:78:8:78:33:78:33:78:64":12,"s:79:6:85:Infinity":30,"s:86:6:86:Infinity":31,"s:90:24:90:Infinity":32,"s:91:27:91:Infinity":33,"b:93:4:104:Infinity:undefined:undefined:undefined:undefined":13,"s:93:4:104:Infinity":34,"b:93:8:93:35:93:35:93:68":14,"s:94:12:94:Infinity":35,"b:95:6:103:Infinity:undefined:undefined:undefined:undefined":15,"s:95:6:103:Infinity":36,"s:96:8:102:Infinity":37,"s:108:2:108:Infinity":38,"f:108:16:108:17":3,"s:108:26:108:81":39,"s:110:2:110:Infinity":40,"f:113:16:113:Infinity":4,"s:117:16:117:Infinity":41,"s:118:43:121:Infinity":42,"s:123:2:128:Infinity":43,"s:124:10:124:Infinity":44,"b:125:4:127:Infinity:undefined:undefined:undefined:undefined":16,"s:125:4:127:Infinity":45,"s:126:6:126:Infinity":46,"s:130:24:130:Infinity":47,"s:131:8:131:Infinity":48,"s:133:2:146:Infinity":49,"f:149:16:149:Infinity":5,"s:153:2:153:Infinity":50,"b:153:9:153:59:153:59:153:Infinity":17,"f:153:26:153:31":6,"s:153:31:153:54":51}}}
}
